Turbo Assembler	 Version 3.2	    09/23/24 16:47:55	    Page 1
code.txt



      1	0000			     .MODEL SMALL
      2	0000			     .Data
      3	0000  10		     CONST16 DB	     16
      4	0001  30 31 32 33 34 35	36+  HEXSYM  DB	     '0123456789ABCDEF'
      5	      37 38 39 41 42 43	44+
      6	      45 46
      7	0011  58 58 2D 24	     PATTERN DB	     'XX-$'
      8	0015  ??		     CODSYM  DB	     ?
      9
     10	0016			     .CODE
     11				     .STARTUP
1    12	0000			     @Startup:
1    13	0000  BA 0000s			     MOV     DX,@data
1    14	0003  8E DA			     MOV     DS,DX
1    15	0005  8C D3			     MOV     BX,SS
1    16	0007  2B DA			     SUB     BX,DX
1    17	0009  D1 E3 D1 E3 D1 E3	D1+	     SHL     BX,4
     18	      E3
1    19	0011  FA			     CLI
1    20	0012  8E D2			     MOV     SS,DX
1    21	0014  03 E3			     ADD     SP,BX
1    22	0016  FB			     STI
     23
     24	0017  B8 0040			     MOV     AX, 40h
     25	001A  8E C0			     MOV     ES, AX
     26
     27	001C  C6 06 0015r 00	     MOV	     CODSYM, 0
     28	0021  B9 0010		     MOV	     CX, 16
     29
     30	0024			     PRTABLE:
     31	0024  51			     PUSH	     CX
     32	0025  B9 0010			     MOV	     CX, 16
     33	0028			     POVT :
     34
     35	0028  A0 0015r		     MOV	     AL, CODSYM
     36
     37	002B  B4 00		     MOV	     AH, 0
     38	002D  F6 36 0000r	     DIV	     CONST16
     39	0031  BB 0001r		     MOV	     BX,  Offset HexSym
     40	0034  D7		     XLAT
     41	0035  A2 0011r			     MOV	     PATTERN, AL
     42	0038  8A C4			     MOV	     AL, AH
     43	003A  D7			     XLAT
     44	003B  A2 0012r			     MOV	     PATTERN + 1, al
     45	003E  B4 09			     MOV	     ah, 9
     46	0040  BA 0011r			     LEA	     DX, PATTERN
     47	0043  CD 21			     INT	     21h
     48
     49	0045  26: 8A 3E	0062	     MOV	     BH, ES :[ 62h ]
     50	004A  B3 00		     MOV	     BL, 0
     51	004C  B4 0A		     MOV	     AH, 10
     52	004E  A0 0015r			     MOV	     AL, CODSYM
     53	0051  B9 0001			     MOV	     CX, 1
     54	0054  CD 21			     INT	     21h
     55
     56	0056  B4 03			     MOV	     AH, 03
     57	0058  CD 21			     INT	     21h
Turbo Assembler	 Version 3.2	    09/23/24 16:47:55	    Page 2
code.txt



     58	005A  B4 02			     MOV	     AH, 02
     59	005C  80 C2 02			     ADD	     DL, 2
     60	005F  CD 21			     INT	     21h
     61	0061  80 06 0015r 10	     ADD	     CODSYM, 16
     62
     63	0066  E2 C0			     LOOP	     POVT
     64	0068  59			     POP	     CX
     65	0069  FE 06 0015r		     INC	     CODSYM
     66	006D  E2 B5			     LOOP	     PRTABLE
     67
     68	006F  B4 4C			     MOV	     AH, 4ch
     69	0071  CD 21			     INT	     21h
     70					     END
Turbo Assembler	 Version 3.2	    09/23/24 16:47:55	    Page 3
Symbol Table




Symbol Name			  Type	 Value

??DATE				  Text	 "09/23/24"
??FILENAME			  Text	 "code	  "
??TIME				  Text	 "16:47:55"
??VERSION			  Number 0314
@32BIT				  Text	 0
@CODE				  Text	 _TEXT
@CODESIZE			  Text	 0
@CPU				  Text	 0101H
@CURSEG				  Text	 _TEXT
@DATA				  Text	 DGROUP
@DATASIZE			  Text	 0
@FILENAME			  Text	 CODE
@INTERFACE			  Text	 00H
@MODEL				  Text	 2
@STACK				  Text	 DGROUP
@STARTUP			  Near	 _TEXT:0000
@WORDSIZE			  Text	 2
CODSYM				  Byte	 DGROUP:0015
CONST16				  Byte	 DGROUP:0000
HEXSYM				  Byte	 DGROUP:0001
PATTERN				  Byte	 DGROUP:0011
POVT				  Near	 _TEXT:0028
PRTABLE				  Near	 _TEXT:0024

Groups & Segments		  Bit Size Align  Combine Class

DGROUP				  Group
  _DATA				  16  0016 Word	  Public  DATA
_TEXT				  16  0073 Word	  Public  CODE
